0 verbose cli [
0 verbose cli   '/usr/bin/node',
0 verbose cli   '/usr/share/nodejs/npm/bin/npm-cli.js',
0 verbose cli   'exec',
0 verbose cli   '--',
0 verbose cli   'playwright',
0 verbose cli   'install'
0 verbose cli ]
1 info using npm@8.5.1
2 info using node@v12.22.9
3 timing npm:load:whichnode Completed in 0ms
4 timing config:load:defaults Completed in 1ms
5 timing config:load:file:/usr/share/nodejs/npm/npmrc Completed in 1ms
6 timing config:load:builtin Completed in 1ms
7 timing config:load:cli Completed in 1ms
8 timing config:load:env Completed in 0ms
9 timing config:load:project Completed in 1ms
10 timing config:load:file:/home/yusuke/.npmrc Completed in 0ms
11 timing config:load:user Completed in 0ms
12 timing config:load:file:/etc/npmrc Completed in 0ms
13 timing config:load:global Completed in 0ms
14 timing config:load:validate Completed in 0ms
15 timing config:load:credentials Completed in 0ms
16 timing config:load:setEnvs Completed in 0ms
17 timing config:load Completed in 6ms
18 timing npm:load:configload Completed in 6ms
19 timing npm:load:setTitle Completed in 0ms
20 timing config:load:flatten Completed in 1ms
21 timing npm:load:display Completed in 2ms
22 verbose logfile /home/yusuke/.npm/_logs/2024-05-21T05_07_06_326Z-debug-0.log
23 timing npm:load:logFile Completed in 2ms
24 timing npm:load:timers Completed in 0ms
25 timing npm:load:configScope Completed in 0ms
26 timing npm:load Completed in 10ms
27 timing command:exec Completed in 252ms
28 verbose exit 1
29 timing npm Completed in 340ms
30 verbose code 1
