0 verbose cli [
0 verbose cli   '/usr/bin/node',
0 verbose cli   '/usr/bin/npm',
0 verbose cli   'install',
0 verbose cli   '--save-dev',
0 verbose cli   '@types/node'
0 verbose cli ]
1 info using npm@8.5.1
2 info using node@v12.22.9
3 timing npm:load:whichnode Completed in 0ms
4 timing config:load:defaults Completed in 1ms
5 timing config:load:file:/usr/share/nodejs/npm/npmrc Completed in 1ms
6 timing config:load:builtin Completed in 2ms
7 timing config:load:cli Completed in 0ms
8 timing config:load:env Completed in 1ms
9 timing config:load:project Completed in 1ms
10 timing config:load:file:/home/yusuke/.npmrc Completed in 0ms
11 timing config:load:user Completed in 0ms
12 timing config:load:file:/etc/npmrc Completed in 0ms
13 timing config:load:global Completed in 0ms
14 timing config:load:validate Completed in 0ms
15 timing config:load:credentials Completed in 1ms
16 timing config:load:setEnvs Completed in 0ms
17 timing config:load Completed in 6ms
18 timing npm:load:configload Completed in 6ms
19 timing npm:load:setTitle Completed in 0ms
20 timing config:load:flatten Completed in 2ms
21 timing npm:load:display Completed in 2ms
22 verbose logfile /home/yusuke/.npm/_logs/2024-05-21T05_07_05_632Z-debug-0.log
23 timing npm:load:logFile Completed in 2ms
24 timing npm:load:timers Completed in 0ms
25 timing npm:load:configScope Completed in 0ms
26 timing npm:load Completed in 10ms
27 timing arborist:ctor Completed in 1ms
28 timing idealTree:init Completed in 9ms
29 timing idealTree:userRequests Completed in 0ms
30 silly idealTree buildDeps
31 silly fetch manifest @types/node@*
32 timing arborist:ctor Completed in 0ms
33 http fetch GET 200 https://registry.npmjs.org/@types%2fnode 235ms (cache miss)
34 silly placeDep ROOT @types/node@20.12.12 OK for: yusuke@1.0.0 want: *
35 silly fetch manifest undici-types@~5.26.4
36 http fetch GET 200 https://registry.npmjs.org/undici-types 60ms (cache miss)
37 timing idealTree:#root Completed in 305ms
38 silly placeDep ROOT undici-types@5.26.5 OK for: @types/node@20.12.12 want: ~5.26.4
39 timing idealTree:node_modules/@types/node Completed in 3ms
40 timing idealTree:node_modules/undici-types Completed in 0ms
41 timing idealTree:buildDeps Completed in 308ms
42 timing idealTree:fixDepFlags Completed in 0ms
43 warn EBADENGINE Unsupported engine {
43 warn EBADENGINE   package: '@playwright/test@1.44.0',
43 warn EBADENGINE   required: { node: '>=16' },
43 warn EBADENGINE   current: { node: 'v12.22.9', npm: '8.5.1' }
43 warn EBADENGINE }
44 warn EBADENGINE Unsupported engine {
44 warn EBADENGINE   package: 'playwright@1.44.0',
44 warn EBADENGINE   required: { node: '>=16' },
44 warn EBADENGINE   current: { node: 'v12.22.9', npm: '8.5.1' }
44 warn EBADENGINE }
45 warn EBADENGINE Unsupported engine {
45 warn EBADENGINE   package: 'playwright-core@1.44.0',
45 warn EBADENGINE   required: { node: '>=16' },
45 warn EBADENGINE   current: { node: 'v12.22.9', npm: '8.5.1' }
45 warn EBADENGINE }
46 timing idealTree Completed in 323ms
47 timing reify:loadTrees Completed in 323ms
48 timing reify:diffTrees Completed in 1ms
49 silly reify moves {}
50 timing reify:retireShallow Completed in 0ms
51 timing reify:createSparse Completed in 1ms
52 timing reify:loadBundles Completed in 0ms
53 silly audit bulk request {
53 silly audit   '@playwright/test': [ '1.44.0' ],
53 silly audit   fsevents: [ '2.3.2' ],
53 silly audit   playwright: [ '1.44.0' ],
53 silly audit   'playwright-core': [ '1.44.0' ],
53 silly audit   '@types/node': [ '20.12.12' ],
53 silly audit   'undici-types': [ '5.26.5' ]
53 silly audit }
54 verbose reify failed optional dependency /home/yusuke/node_modules/fsevents
55 silly reify mark deleted [ '/home/yusuke/node_modules/fsevents' ]
56 timing reifyNode:node_modules/fsevents Completed in 2ms
57 silly tarball no local data for undici-types@https://registry.npmjs.org/undici-types/-/undici-types-5.26.5.tgz. Extracting by manifest.
58 silly tarball no local data for @types/node@https://registry.npmjs.org/@types/node/-/node-20.12.12.tgz. Extracting by manifest.
59 http fetch GET 200 https://registry.npmjs.org/undici-types/-/undici-types-5.26.5.tgz 133ms (cache miss)
60 timing reifyNode:node_modules/undici-types Completed in 138ms
61 http fetch POST 200 https://registry.npmjs.org/-/npm/v1/security/advisories/bulk 168ms
62 timing auditReport:getReport Completed in 168ms
63 silly audit report {}
64 timing auditReport:init Completed in 0ms
65 timing reify:audit Completed in 168ms
66 http fetch GET 200 https://registry.npmjs.org/@types/node/-/node-20.12.12.tgz 168ms (cache miss)
67 timing reifyNode:node_modules/@types/node Completed in 176ms
68 timing reify:unpack Completed in 176ms
69 timing reify:unretire Completed in 0ms
70 timing build:queue Completed in 0ms
71 timing build:deps Completed in 1ms
72 timing build Completed in 1ms
73 timing reify:build Completed in 1ms
74 timing reify:trash Completed in 0ms
75 timing reify:save Completed in 3ms
76 timing reify Completed in 511ms
77 silly ADD node_modules/undici-types
78 silly ADD node_modules/@types/node
79 silly ADD
80 timing command:install Completed in 514ms
81 verbose exit 0
82 timing npm Completed in 603ms
83 info ok
